<?xml version="1.0" encoding="UTF-8"?>
<!-- Generated by org.testng.reporters.JUnitXMLReporter -->
<testsuite hostname="user-PC" ignored="0" name="Mercury Tours app Test Cases" tests="4" failures="0" timestamp="18 Jan 2019 07:06:57 GMT" time="7.094" errors="0">
  <testcase name="@BeforeMethod setUp" time="1.42" classname="com.newtours.NewToursUserRegistration.NewUserRegistrationTest">
    <failure type="java.lang.IllegalStateException" message="The driver executable does not exist: C:\Users\user\eclipse-workspace\NewToursUserRegistration\drivers\chrome\win_chromedriver.exe">
      <![CDATA[java.lang.IllegalStateException: The driver executable does not exist: C:\Users\user\eclipse-workspace\NewToursUserRegistration\drivers\chrome\win_chromedriver.exe
	at com.google.common.base.Preconditions.checkState(Preconditions.java:585)
	at org.openqa.selenium.remote.service.DriverService.checkExecutable(DriverService.java:137)
	at org.openqa.selenium.remote.service.DriverService.findExecutable(DriverService.java:132)
	at org.openqa.selenium.chrome.ChromeDriverService.access$000(ChromeDriverService.java:35)
	at org.openqa.selenium.chrome.ChromeDriverService$Builder.findDefaultExecutable(ChromeDriverService.java:156)
	at org.openqa.selenium.remote.service.DriverService$Builder.build(DriverService.java:346)
	at org.openqa.selenium.chrome.ChromeDriverService.createDefaultService(ChromeDriverService.java:91)
	at org.openqa.selenium.chrome.ChromeDriver.<init>(ChromeDriver.java:123)
	at com.newtours.ntur.base.TestBase.initialization(TestBase.java:49)
	at com.newtours.NewToursUserRegistration.NewUserRegistrationTest.setUp(NewUserRegistrationTest.java:34)
... Removed 27 stack frames]]>
    </failure>
  </testcase> <!-- @BeforeMethod setUp -->
  <testcase name="@BeforeMethod setUp" time="0.0" classname="com.newtours.NewToursUserRegistration.NewUserRegistrationTest">
    <skipped/>
  </testcase> <!-- @BeforeMethod setUp -->
  <testcase name="@BeforeMethod setUp" time="0.0" classname="com.newtours.NewToursUserRegistration.NewUserRegistrationTest">
    <skipped/>
  </testcase> <!-- @BeforeMethod setUp -->
  <testcase name="@BeforeMethod setUp" time="0.0" classname="com.newtours.NewToursUserRegistration.NewUserRegistrationTest">
    <skipped/>
  </testcase> <!-- @BeforeMethod setUp -->
  <testcase name="singleuserregistration" time="0.038" classname="com.newtours.NewToursUserRegistration.NewUserRegistrationTest">
    <skipped/>
  </testcase> <!-- singleuserregistration -->
  <testcase name="multipleuserregistration" time="0.0" classname="com.newtours.NewToursUserRegistration.NewUserRegistrationTest">
    <skipped/>
  </testcase> <!-- multipleuserregistration -->
  <testcase name="multipleuserregistration" time="0.0" classname="com.newtours.NewToursUserRegistration.NewUserRegistrationTest">
    <skipped/>
  </testcase> <!-- multipleuserregistration -->
  <testcase name="multipleuserregistration" time="0.0" classname="com.newtours.NewToursUserRegistration.NewUserRegistrationTest">
    <skipped/>
  </testcase> <!-- multipleuserregistration -->
</testsuite> <!-- Mercury Tours app Test Cases -->
